<?xml version="1.0" encoding="UTF-8"?>
<!-- Generated by org.testng.reporters.JUnitReportReporter -->
<testsuite hostname="LAPTOP-1DJK1HQQ" failures="0" tests="2" name="Tests.LoginTest" time="111.566" errors="0" timestamp="2023-01-12T16:28:01 IST" skipped="0">
  <testcase classname="Tests.LoginTest" name="login" time="61.526"/>
  <system-out/>
  <testcase classname="Tests.LoginTest" name="login" time="50.040"/>
  <system-out/>
</testsuite> <!-- Tests.LoginTest -->
