<?xml version="1.0" encoding="UTF-8"?>
<!-- Generated by org.testng.reporters.JUnitReportReporter -->
<testsuite hostname="LAPTOP-1DJK1HQQ" failures="0" tests="1" name="Tests.TestThree" time="62.190" errors="0" timestamp="2023-01-12T16:28:01 IST" skipped="0">
  <testcase classname="Tests.TestThree" name="testthree" time="62.190"/>
  <system-out/>
</testsuite> <!-- Tests.TestThree -->
